2020-02-08 19:39:28,118 - logger.py -  INFO:--测试开始--
2020-02-08 19:39:28,118 - logger.py -  WARNING:--测试结束--
2020-02-08 19:39:28,118 - logger.py -  DEBUG:11111
2020-02-08 19:39:28,118 - logger.py -  ERROR:4444
2020-02-08 19:40:16,556 - logger.py -  INFO:--测试开始888888--
2020-02-08 19:40:16,556 - logger.py -  WARNING:--测试结束--
2020-02-08 19:40:16,556 - logger.py -  DEBUG:11111
2020-02-08 19:40:16,556 - logger.py -  ERROR:4444
2020-02-08 19:46:52,914 - logger.py -  INFO:禅道测试用例开始
2020-02-08 19:46:54,585 - logger.py -  INFO:开始登录禅道
2020-02-08 19:46:54,655 - logger.py -  INFO:获取的title内容：退出
2020-02-08 19:46:58,698 - logger.py -  INFO:登录成功
2020-02-08 19:47:11,315 - logger.py -  INFO:添加bug
2020-02-08 20:07:45,560 - logger.py -  INFO:添加cookie1
2020-02-08 20:07:45,560 - logger.py -  INFO:添加cookie2
2020-02-08 20:07:45,576 - logger.py -  INFO:添加cookie3
2020-02-08 20:07:49,997 - logger.py -  INFO:开始登录操作
2020-02-08 20:08:05,013 - logger.py -  INFO:开始登录波洞
2020-02-08 20:08:15,028 - logger.py -  INFO:获取登录用户名
2020-02-08 20:08:18,074 - logger.py -  INFO:获取的用户名：用户b
2020-02-08 20:08:18,074 - logger.py -  INFO:开始搜索：狐妖小红娘
2020-02-08 20:08:18,252 - logger.py -  INFO:获取标题
2020-02-08 20:08:21,708 - logger.py -  INFO:获取的标题：True
2020-02-08 20:13:12,793 - logger.py -  INFO:禅道测试用例开始
2020-02-08 20:13:13,849 - logger.py -  INFO:开始登录禅道
2020-02-08 20:13:13,999 - logger.py -  INFO:获取的title内容：退出
2020-02-08 20:13:14,778 - logger.py -  INFO:输入正确用户名
2020-02-08 20:13:14,849 - logger.py -  INFO:输入错误密码
2020-02-08 20:13:15,014 - logger.py -  INFO:点击登录按钮
2020-02-08 20:13:15,020 - logger.py -  INFO:关闭alert弹窗
2020-02-08 20:13:15,839 - logger.py -  INFO:点击忘记密码
2020-02-08 20:13:15,844 - logger.py -  INFO:获取的title内容：True
2020-02-08 20:13:16,917 - logger.py -  INFO:登录成功
2020-02-08 20:13:25,916 - logger.py -  INFO:添加bug
2020-02-08 21:51:37,639 - logger.py -  INFO:添加cookie1
2020-02-08 21:51:37,648 - logger.py -  INFO:添加cookie2
2020-02-08 21:51:37,653 - logger.py -  INFO:添加cookie3
2020-02-08 21:51:42,564 - logger.py -  INFO:开始登录操作
2020-02-08 21:53:41,498 - logger.py -  INFO:添加cookie1
2020-02-08 21:53:41,504 - logger.py -  INFO:添加cookie2
2020-02-08 21:53:41,510 - logger.py -  INFO:添加cookie3
2020-02-08 21:53:46,327 - logger.py -  INFO:开始登录操作
2020-02-08 22:02:27,280 - logger.py -  INFO:添加cookie1
2020-02-08 22:02:27,288 - logger.py -  INFO:添加cookie2
2020-02-08 22:02:27,293 - logger.py -  INFO:添加cookie3
2020-02-08 22:02:31,810 - logger.py -  INFO:开始登录操作
2020-02-08 22:03:21,934 - logger.py -  INFO:添加cookie1
2020-02-08 22:03:21,942 - logger.py -  INFO:添加cookie2
2020-02-08 22:03:21,948 - logger.py -  INFO:添加cookie3
2020-02-08 22:03:27,686 - logger.py -  INFO:开始登录操作
2020-02-08 22:05:15,412 - logger.py -  INFO:添加cookie1
2020-02-08 22:05:15,419 - logger.py -  INFO:添加cookie2
2020-02-08 22:05:15,428 - logger.py -  INFO:添加cookie3
2020-02-08 22:05:20,018 - logger.py -  INFO:开始登录操作
2020-02-08 22:16:33,486 - logger.py -  INFO:添加cookie1
2020-02-08 22:16:33,493 - logger.py -  INFO:添加cookie2
2020-02-08 22:16:33,498 - logger.py -  INFO:添加cookie3
2020-02-08 22:16:38,089 - logger.py -  INFO:开始登录操作
2020-02-08 23:02:27,042 - logger.py -  INFO:添加cookie1
2020-02-08 23:02:27,049 - logger.py -  INFO:添加cookie2
2020-02-08 23:02:27,055 - logger.py -  INFO:添加cookie3
2020-02-08 23:02:31,743 - logger.py -  INFO:开始登录操作
2020-02-08 23:05:07,823 - logger.py -  INFO:添加cookie1
2020-02-08 23:05:07,830 - logger.py -  INFO:添加cookie2
2020-02-08 23:05:07,835 - logger.py -  INFO:添加cookie3
2020-02-08 23:05:12,297 - logger.py -  INFO:开始登录操作
2020-02-08 23:07:19,231 - logger.py -  INFO:添加cookie1
2020-02-08 23:07:19,239 - logger.py -  INFO:添加cookie2
2020-02-08 23:07:19,245 - logger.py -  INFO:添加cookie3
2020-02-08 23:07:23,753 - logger.py -  INFO:开始登录操作
2020-02-08 23:10:08,620 - logger.py -  INFO:添加cookie1
2020-02-08 23:10:08,629 - logger.py -  INFO:添加cookie2
2020-02-08 23:10:08,635 - logger.py -  INFO:添加cookie3
2020-02-08 23:10:13,007 - logger.py -  INFO:开始登录操作
