2020-02-05 13:57:58,294 - logger.py -  INFO:--测试开始--
2020-02-05 13:57:58,294 - logger.py -  WARNING:--测试结束--
2020-02-05 13:58:51,193 - logger.py -  INFO:--测试开始--
2020-02-05 13:58:51,193 - logger.py -  WARNING:--测试结束--
2020-02-05 13:58:51,193 - logger.py -  DEBUG:11111
2020-02-05 13:58:51,193 - logger.py -  ERROR:4444
2020-02-05 14:25:24,155 - logger.py -  INFO:禅道测试用例开始
2020-02-05 14:25:25,141 - logger.py -  INFO:登录
2020-02-05 14:25:25,246 - logger.py -  INFO:获取的title内容：退出
2020-02-05 14:38:17,378 - logger.py -  INFO:禅道测试用例开始
2020-02-05 14:38:18,464 - logger.py -  INFO:开始登录禅道
2020-02-05 14:38:18,548 - logger.py -  INFO:获取的title内容：退出
2020-02-05 14:38:19,188 - logger.py -  INFO:输入正确用户名
2020-02-05 14:38:19,241 - logger.py -  INFO:输入错误密码
2020-02-05 14:38:19,347 - logger.py -  INFO:点击登录按钮
2020-02-05 14:38:19,353 - logger.py -  INFO:关闭alert弹窗
2020-02-05 14:38:20,017 - logger.py -  INFO:点击忘记密码
2020-02-05 14:38:20,029 - logger.py -  INFO:获取的title内容：True
2020-02-05 14:38:21,000 - logger.py -  INFO:登录成功
2020-02-05 14:38:29,561 - logger.py -  INFO:添加bug
2020-02-05 14:59:04,723 - logger.py -  INFO:获取的user：13265861735@163.com
2020-02-05 14:59:04,723 - logger.py -  INFO:获取的psw：lfjj0918
2020-02-05 15:45:08,270 - logger.py -  INFO:获取的user：13265861735@163.com
2020-02-05 15:45:08,281 - logger.py -  INFO:获取的psw：lfjj0918
2020-02-05 15:45:09,769 - logger.py -  INFO:邮件发送成功！
