2020-02-06 23:07:37,466 - logger.py -  INFO:禅道测试用例开始
2020-02-06 23:07:38,424 - logger.py -  INFO:开始登录禅道
2020-02-06 23:07:38,550 - logger.py -  INFO:获取的title内容：退出
2020-02-06 23:07:39,296 - logger.py -  INFO:输入正确用户名
2020-02-06 23:07:39,366 - logger.py -  INFO:输入错误密码
2020-02-06 23:07:39,572 - logger.py -  INFO:点击登录按钮
2020-02-06 23:07:39,583 - logger.py -  INFO:关闭alert弹窗
2020-02-06 23:07:40,257 - logger.py -  INFO:点击忘记密码
2020-02-06 23:07:40,269 - logger.py -  INFO:获取的title内容：True
2020-02-06 23:07:41,451 - logger.py -  INFO:登录成功
2020-02-06 23:07:54,904 - logger.py -  INFO:添加bug
2020-02-06 23:08:31,309 - logger.py -  INFO:获取的user：13265861735@163.com
2020-02-06 23:08:31,309 - logger.py -  INFO:获取的psw：lfjj0918
2020-02-06 23:08:33,166 - logger.py -  INFO:邮件发送成功！
2020-02-06 23:10:05,518 - logger.py -  INFO:获取的user：13265861735@163.com
2020-02-06 23:10:05,518 - logger.py -  INFO:获取的psw：lfjj0918
2020-02-06 23:10:05,955 - logger.py -  INFO:邮件发送成功！
2020-02-06 23:17:14,322 - logger.py -  INFO:--测试开始--
2020-02-06 23:17:14,322 - logger.py -  WARNING:--测试结束--
2020-02-06 23:17:14,322 - logger.py -  DEBUG:11111
2020-02-06 23:17:14,338 - logger.py -  ERROR:4444
2020-02-06 23:19:41,945 - logger.py -  INFO:--测试开始--
2020-02-06 23:19:41,945 - logger.py -  WARNING:--测试结束--
2020-02-06 23:19:41,945 - logger.py -  DEBUG:11111
2020-02-06 23:19:41,945 - logger.py -  ERROR:4444
2020-02-06 23:20:51,520 - logger.py -  INFO:禅道测试用例开始
2020-02-06 23:20:52,386 - logger.py -  INFO:开始登录禅道
2020-02-06 23:20:52,506 - logger.py -  INFO:获取的title内容：退出
2020-02-06 23:20:53,253 - logger.py -  INFO:输入正确用户名
2020-02-06 23:20:53,319 - logger.py -  INFO:输入错误密码
2020-02-06 23:20:53,441 - logger.py -  INFO:点击登录按钮
2020-02-06 23:20:53,448 - logger.py -  INFO:关闭alert弹窗
2020-02-06 23:20:54,171 - logger.py -  INFO:点击忘记密码
2020-02-06 23:20:54,178 - logger.py -  INFO:获取的title内容：True
2020-02-06 23:20:55,220 - logger.py -  INFO:登录成功
2020-02-06 23:21:04,516 - logger.py -  INFO:添加bug
