2020-02-09 11:14:20,910 - logger.py -  INFO:添加cookie1
2020-02-09 11:14:20,910 - logger.py -  INFO:添加cookie2
2020-02-09 11:14:20,926 - logger.py -  INFO:添加cookie3
2020-02-09 11:14:25,841 - logger.py -  INFO:开始登录操作
2020-02-09 11:14:48,407 - logger.py -  INFO:开始登录波洞
2020-02-09 11:14:58,440 - logger.py -  INFO:获取登录用户名
2020-02-09 11:28:17,651 - logger.py -  INFO:添加cookie1
2020-02-09 11:28:17,657 - logger.py -  INFO:添加cookie2
2020-02-09 11:28:17,661 - logger.py -  INFO:添加cookie3
2020-02-09 11:28:22,052 - logger.py -  INFO:开始登录操作
2020-02-09 11:28:43,779 - logger.py -  INFO:开始登录波洞
2020-02-09 11:28:53,790 - logger.py -  INFO:获取登录用户名
2020-02-09 11:28:56,849 - logger.py -  INFO:获取的用户名：liufu_test
2020-02-09 11:28:57,448 - logger.py -  INFO:开始搜索：狐妖小红娘
2020-02-09 11:28:57,610 - logger.py -  INFO:获取标题
2020-02-09 11:29:00,734 - logger.py -  INFO:获取的标题：True
2020-02-09 11:29:40,428 - logger.py -  INFO:禅道测试用例开始
2020-02-09 11:29:41,473 - logger.py -  INFO:开始登录禅道
2020-02-09 11:29:41,519 - logger.py -  INFO:获取的title内容：退出
2020-02-09 11:29:42,305 - logger.py -  INFO:输入正确用户名
2020-02-09 11:29:42,370 - logger.py -  INFO:输入错误密码
2020-02-09 11:29:42,505 - logger.py -  INFO:点击登录按钮
2020-02-09 11:29:42,512 - logger.py -  INFO:关闭alert弹窗
2020-02-09 11:29:43,164 - logger.py -  INFO:点击忘记密码
2020-02-09 11:29:43,171 - logger.py -  INFO:获取的title内容：True
2020-02-09 11:29:44,174 - logger.py -  INFO:登录成功
2020-02-09 11:39:35,125 - logger.py -  INFO:开始登录波洞
2020-02-09 11:39:45,437 - logger.py -  INFO:获取登录用户名
2020-02-09 11:39:48,487 - logger.py -  INFO:获取的用户名：liufu_test
2020-02-09 11:39:48,487 - logger.py -  INFO:开始搜索：狐妖小红娘
2020-02-09 11:39:48,715 - logger.py -  INFO:获取标题
2020-02-09 11:39:52,772 - logger.py -  INFO:获取的标题：True
2020-02-09 11:56:25,232 - logger.py -  INFO:添加cookie1
2020-02-09 11:56:25,232 - logger.py -  INFO:添加cookie2
2020-02-09 11:56:25,232 - logger.py -  INFO:添加cookie3
2020-02-09 11:56:30,014 - logger.py -  INFO:开始登录操作
2020-02-09 11:56:51,026 - logger.py -  INFO:开始登录波洞
2020-02-09 11:57:04,313 - logger.py -  INFO:获取登录用户名
2020-02-09 11:57:07,384 - logger.py -  INFO:获取的用户名：liufu_test
2020-02-09 11:57:07,384 - logger.py -  INFO:开始搜索：狐妖小红娘
2020-02-09 11:57:07,543 - logger.py -  INFO:获取标题
2020-02-09 11:57:10,680 - logger.py -  INFO:获取的标题：True
2020-02-09 12:02:05,245 - logger.py -  INFO:禅道测试用例开始
2020-02-09 12:02:06,620 - logger.py -  INFO:开始登录禅道
2020-02-09 12:02:06,663 - logger.py -  INFO:获取的title内容：退出
2020-02-09 12:02:07,611 - logger.py -  INFO:输入正确用户名
2020-02-09 12:02:07,680 - logger.py -  INFO:输入错误密码
2020-02-09 12:02:07,860 - logger.py -  INFO:点击登录按钮
2020-02-09 12:02:07,866 - logger.py -  INFO:关闭alert弹窗
2020-02-09 12:02:08,869 - logger.py -  INFO:点击忘记密码
2020-02-09 12:02:08,875 - logger.py -  INFO:获取的title内容：True
2020-02-09 12:02:10,235 - logger.py -  INFO:登录成功
2020-02-09 12:02:23,511 - logger.py -  INFO:添加bug
2020-02-09 12:05:48,351 - logger.py -  INFO:添加cookie1
2020-02-09 12:05:48,351 - logger.py -  INFO:添加cookie2
2020-02-09 12:05:48,351 - logger.py -  INFO:添加cookie3
2020-02-09 12:05:52,782 - logger.py -  INFO:开始登录操作
2020-02-09 12:10:55,891 - logger.py -  INFO:添加cookie1
2020-02-09 12:10:55,891 - logger.py -  INFO:添加cookie2
2020-02-09 12:10:55,891 - logger.py -  INFO:添加cookie3
2020-02-09 12:11:00,411 - logger.py -  INFO:开始登录操作
2020-02-09 12:11:19,832 - logger.py -  INFO:开始登录波洞
2020-02-09 12:11:30,043 - logger.py -  INFO:获取登录用户名
2020-02-09 12:11:33,103 - logger.py -  INFO:获取的用户名：liufu_test
2020-02-09 12:11:33,103 - logger.py -  INFO:开始搜索：狐妖小红娘
2020-02-09 12:11:33,262 - logger.py -  INFO:获取标题
2020-02-09 12:11:36,373 - logger.py -  INFO:获取的标题：True
2020-02-09 12:16:54,565 - logger.py -  INFO:禅道测试用例开始
2020-02-09 12:16:56,135 - logger.py -  INFO:开始登录禅道
2020-02-09 12:16:56,222 - logger.py -  INFO:获取的title内容：退出
2020-02-09 12:16:56,955 - logger.py -  INFO:输入正确用户名
2020-02-09 12:16:57,018 - logger.py -  INFO:输入错误密码
2020-02-09 12:16:57,175 - logger.py -  INFO:点击登录按钮
2020-02-09 12:16:57,180 - logger.py -  INFO:关闭alert弹窗
2020-02-09 12:16:57,990 - logger.py -  INFO:点击忘记密码
2020-02-09 12:16:58,001 - logger.py -  INFO:获取的title内容：True
2020-02-09 12:16:59,087 - logger.py -  INFO:登录成功
2020-02-09 12:17:12,555 - logger.py -  INFO:添加bug
2020-02-09 12:21:30,895 - logger.py -  INFO:添加cookie1
2020-02-09 12:21:30,898 - logger.py -  INFO:添加cookie2
2020-02-09 12:21:30,898 - logger.py -  INFO:添加cookie3
2020-02-09 12:21:35,491 - logger.py -  INFO:开始登录操作
2020-02-09 12:22:00,608 - logger.py -  INFO:开始登录波洞
2020-02-09 12:22:11,081 - logger.py -  INFO:获取登录用户名
2020-02-09 12:22:14,134 - logger.py -  INFO:获取的用户名：liufu_test
2020-02-09 12:22:14,134 - logger.py -  INFO:开始搜索：狐妖小红娘
2020-02-09 12:22:14,306 - logger.py -  INFO:获取标题
2020-02-09 12:22:17,415 - logger.py -  INFO:获取的标题：True
2020-02-09 12:28:32,909 - logger.py -  INFO:禅道测试用例开始
2020-02-09 12:28:33,753 - logger.py -  INFO:开始登录禅道
2020-02-09 12:28:33,862 - logger.py -  INFO:获取的title内容：退出
2020-02-09 12:28:34,616 - logger.py -  INFO:输入正确用户名
2020-02-09 12:28:34,677 - logger.py -  INFO:输入错误密码
2020-02-09 12:28:34,803 - logger.py -  INFO:点击登录按钮
2020-02-09 12:28:34,810 - logger.py -  INFO:关闭alert弹窗
2020-02-09 12:28:35,499 - logger.py -  INFO:点击忘记密码
2020-02-09 12:28:35,504 - logger.py -  INFO:获取的title内容：True
2020-02-09 12:28:36,588 - logger.py -  INFO:登录成功
2020-02-09 12:28:46,008 - logger.py -  INFO:添加bug
